<?xml version="1.0" encoding="UTF-8"?>
<!-- Generated by org.testng.reporters.JUnitReportReporter -->
<testsuite hostname="C1131" name="sample.TestngTest.cmd" tests="1" failures="0" timestamp="21 Jun 2017 12:59:39 GMT" time="0.016" errors="0">
  <testcase name="runcmd" time="0.016" classname="sample.TestngTest.cmd"/>
</testsuite> <!-- sample.TestngTest.cmd -->
